[debug] [2023-06-26T01:19:52.935Z] ----------------------------------------------------------------------
[debug] [2023-06-26T01:19:52.936Z] Command:       C:\nodejs\node.exe C:\Users\akash\AppData\Roaming\npm\node_modules\firebase-tools\lib\bin\firebase.js init
[debug] [2023-06-26T01:19:52.937Z] CLI Version:   12.4.0
[debug] [2023-06-26T01:19:52.937Z] Platform:      win32
[debug] [2023-06-26T01:19:52.937Z] Node Version:  v18.15.0
[debug] [2023-06-26T01:19:52.938Z] Time:          Mon Jun 26 2023 06:49:52 GMT+0530 (India Standard Time)
[debug] [2023-06-26T01:19:52.938Z] ----------------------------------------------------------------------
[debug] 
[debug] [2023-06-26T01:19:52.941Z] >>> [apiv2][query] GET https://firebase-public.firebaseio.com/cli.json [none]
[debug] [2023-06-26T01:19:53.023Z] > command requires scopes: ["email","openid","https://www.googleapis.com/auth/cloudplatformprojects.readonly","https://www.googleapis.com/auth/firebase","https://www.googleapis.com/auth/cloud-platform"]
[debug] [2023-06-26T01:19:53.024Z] > authorizing via signed-in user (alphast4r@gmail.com)
[info] 
     ######## #### ########  ######## ########     ###     ######  ########
     ##        ##  ##     ## ##       ##     ##  ##   ##  ##       ##
     ######    ##  ########  ######   ########  #########  ######  ######
     ##        ##  ##    ##  ##       ##     ## ##     ##       ## ##
     ##       #### ##     ## ######## ########  ##     ##  ######  ########

You're about to initialize a Firebase project in this directory:

  C:\Users\akash\OneDrive\Desktop\google-clone

Before we get started, keep in mind:

  * You are initializing within an existing Firebase project directory

[debug] [2023-06-26T01:19:53.980Z] <<< [apiv2][status] GET https://firebase-public.firebaseio.com/cli.json 200
[debug] [2023-06-26T01:19:53.980Z] <<< [apiv2][body] GET https://firebase-public.firebaseio.com/cli.json {"cloudBuildErrorAfter":1594252800000,"cloudBuildWarnAfter":1590019200000,"defaultNode10After":1594252800000,"minVersion":"3.0.5","node8DeploysDisabledAfter":1613390400000,"node8RuntimeDisabledAfter":1615809600000,"node8WarnAfter":1600128000000}
